Determining if the pthread_create exist failed with the following output:
Change Dir: /home/jihirshu/workspace/husky_task1/build/CMakeFiles/CMakeTmp

Run Build Command:"/usr/bin/make" "cmTC_db93e/fast"
/usr/bin/make -f CMakeFiles/cmTC_db93e.dir/build.make CMakeFiles/cmTC_db93e.dir/build
make[1]: Entering directory '/home/jihirshu/workspace/husky_task1/build/CMakeFiles/CMakeTmp'
Building C object CMakeFiles/cmTC_db93e.dir/CheckSymbolExists.c.o
/usr/bin/cc    -o CMakeFiles/cmTC_db93e.dir/CheckSymbolExists.c.o   -c /home/jihirshu/workspace/husky_task1/build/CMakeFiles/CMakeTmp/CheckSymbolExists.c
Linking C executable cmTC_db93e
/usr/bin/cmake -E cmake_link_script CMakeFiles/cmTC_db93e.dir/link.txt --verbose=1
/usr/bin/cc      -rdynamic CMakeFiles/cmTC_db93e.dir/CheckSymbolExists.c.o  -o cmTC_db93e 
CMakeFiles/cmTC_db93e.dir/CheckSymbolExists.c.o: In function `main':
CheckSymbolExists.c:(.text+0x1b): undefined reference to `pthread_create'
collect2: error: ld returned 1 exit status
CMakeFiles/cmTC_db93e.dir/build.make:97: recipe for target 'cmTC_db93e' failed
make[1]: *** [cmTC_db93e] Error 1
make[1]: Leaving directory '/home/jihirshu/workspace/husky_task1/build/CMakeFiles/CMakeTmp'
Makefile:126: recipe for target 'cmTC_db93e/fast' failed
make: *** [cmTC_db93e/fast] Error 2

File /home/jihirshu/workspace/husky_task1/build/CMakeFiles/CMakeTmp/CheckSymbolExists.c:
/* */
#include <pthread.h>

int main(int argc, char** argv)
{
  (void)argv;
#ifndef pthread_create
  return ((int*)(&pthread_create))[argc];
#else
  (void)argc;
  return 0;
#endif
}

Determining if the function pthread_create exists in the pthreads failed with the following output:
Change Dir: /home/jihirshu/workspace/husky_task1/build/CMakeFiles/CMakeTmp

Run Build Command:"/usr/bin/make" "cmTC_2cb1d/fast"
/usr/bin/make -f CMakeFiles/cmTC_2cb1d.dir/build.make CMakeFiles/cmTC_2cb1d.dir/build
make[1]: Entering directory '/home/jihirshu/workspace/husky_task1/build/CMakeFiles/CMakeTmp'
Building C object CMakeFiles/cmTC_2cb1d.dir/CheckFunctionExists.c.o
/usr/bin/cc   -DCHECK_FUNCTION_EXISTS=pthread_create   -o CMakeFiles/cmTC_2cb1d.dir/CheckFunctionExists.c.o   -c /usr/share/cmake-3.10/Modules/CheckFunctionExists.c
Linking C executable cmTC_2cb1d
/usr/bin/cmake -E cmake_link_script CMakeFiles/cmTC_2cb1d.dir/link.txt --verbose=1
/usr/bin/cc  -DCHECK_FUNCTION_EXISTS=pthread_create    -rdynamic CMakeFiles/cmTC_2cb1d.dir/CheckFunctionExists.c.o  -o cmTC_2cb1d -lpthreads 
/usr/bin/ld: cannot find -lpthreads
collect2: error: ld returned 1 exit status
CMakeFiles/cmTC_2cb1d.dir/build.make:97: recipe for target 'cmTC_2cb1d' failed
make[1]: *** [cmTC_2cb1d] Error 1
make[1]: Leaving directory '/home/jihirshu/workspace/husky_task1/build/CMakeFiles/CMakeTmp'
Makefile:126: recipe for target 'cmTC_2cb1d/fast' failed
make: *** [cmTC_2cb1d/fast] Error 2


